The system is: Windows - 10.0.18363 - AMD64
Compiling the CXX compiler identification source file "CMakeCXXCompilerId.cpp" succeeded.
Compiler: C:/Program Files (x86)/Microsoft Visual Studio/2019/Community/VC/Tools/MSVC/14.27.29110/bin/Hostx64/x64/cl.exe 
Build flags: 
Id flags:  

The output was:
0
Оптимизирующий компилятор Microsoft (R) C/C++ версии 19.27.29112 для x64
(C) Корпорация Майкрософт (Microsoft Corporation).  Все права защищены.

CMakeCXXCompilerId.cpp
Microsoft (R) Incremental Linker Version 14.27.29112.0
Copyright (C) Microsoft Corporation.  All rights reserved.

/out:CMakeCXXCompilerId.exe 
CMakeCXXCompilerId.obj 


Compilation of the CXX compiler identification source "CMakeCXXCompilerId.cpp" produced "CMakeCXXCompilerId.exe"

Compilation of the CXX compiler identification source "CMakeCXXCompilerId.cpp" produced "CMakeCXXCompilerId.obj"

The CXX compiler identification is MSVC, found in "C:/Users/zzzhe/Documents/OpenGlSamples/metaballs/cmake-build-debug/CMakeFiles/3.17.3/CompilerIdCXX/CMakeCXXCompilerId.exe"

Determining if the CXX compiler works passed with the following output:
Change Dir: C:/Users/zzzhe/Documents/OpenGlSamples/metaballs/cmake-build-debug/CMakeFiles/CMakeTmp

Run Build Command(s):nmake /nologo cmTC_c4f07\fast && 	"C:\Program Files (x86)\Microsoft Visual Studio\2019\Community\VC\Tools\MSVC\14.27.29110\bin\HostX64\x64\nmake.exe"  -f CMakeFiles\cmTC_c4f07.dir\build.make /nologo -L                  CMakeFiles\cmTC_c4f07.dir\build
Building CXX object CMakeFiles/cmTC_c4f07.dir/testCXXCompiler.cxx.obj
	C:\PROGRA~2\MICROS~2\2019\COMMUN~1\VC\Tools\MSVC\1427~1.291\bin\Hostx64\x64\cl.exe @C:\Users\zzzhe\AppData\Local\Temp\nm4A2E.tmp
testCXXCompiler.cxx
Linking CXX executable cmTC_c4f07.exe
	C:\Users\zzzhe\AppData\Local\JetBrains\Toolbox\apps\CLion\ch-0\202.6948.80\bin\cmake\win\bin\cmake.exe -E vs_link_exe --intdir=CMakeFiles\cmTC_c4f07.dir --rc=C:\PROGRA~2\WI3CF2~1\10\bin\100183~1.0\x64\rc.exe --mt=C:\PROGRA~2\WI3CF2~1\10\bin\100183~1.0\x64\mt.exe --manifests  -- C:\PROGRA~2\MICROS~2\2019\COMMUN~1\VC\Tools\MSVC\1427~1.291\bin\Hostx64\x64\link.exe /nologo @CMakeFiles\cmTC_c4f07.dir\objects1.rsp @C:\Users\zzzhe\AppData\Local\Temp\nm4A6E.tmp



Detecting CXX compiler ABI info compiled with the following output:
Change Dir: C:/Users/zzzhe/Documents/OpenGlSamples/metaballs/cmake-build-debug/CMakeFiles/CMakeTmp

Run Build Command(s):nmake /nologo cmTC_09660\fast && 	"C:\Program Files (x86)\Microsoft Visual Studio\2019\Community\VC\Tools\MSVC\14.27.29110\bin\HostX64\x64\nmake.exe"  -f CMakeFiles\cmTC_09660.dir\build.make /nologo -L                  CMakeFiles\cmTC_09660.dir\build
Building CXX object CMakeFiles/cmTC_09660.dir/CMakeCXXCompilerABI.cpp.obj
	C:\PROGRA~2\MICROS~2\2019\COMMUN~1\VC\Tools\MSVC\1427~1.291\bin\Hostx64\x64\cl.exe @C:\Users\zzzhe\AppData\Local\Temp\nm4BB5.tmp
CMakeCXXCompilerABI.cpp
Linking CXX executable cmTC_09660.exe
	C:\Users\zzzhe\AppData\Local\JetBrains\Toolbox\apps\CLion\ch-0\202.6948.80\bin\cmake\win\bin\cmake.exe -E vs_link_exe --intdir=CMakeFiles\cmTC_09660.dir --rc=C:\PROGRA~2\WI3CF2~1\10\bin\100183~1.0\x64\rc.exe --mt=C:\PROGRA~2\WI3CF2~1\10\bin\100183~1.0\x64\mt.exe --manifests  -- C:\PROGRA~2\MICROS~2\2019\COMMUN~1\VC\Tools\MSVC\1427~1.291\bin\Hostx64\x64\link.exe /nologo @CMakeFiles\cmTC_09660.dir\objects1.rsp @C:\Users\zzzhe\AppData\Local\Temp\nm4BF4.tmp



